import { TestBed, type ComponentFixture } from "@angular/core/testing";
import { PokemonCardComponent } from "./pokemon-card.component";

describe('PokemonCardComponent', () => {

    let fixture: ComponentFixture<PokemonCardComponent>;
    let compiled: HTMLElement;
    let component: PokemonCardComponent;

    beforeEach(async () => {

        await TestBed.configureTestingModule({
            imports: [PokemonCardComponent]
        }).compileComponents();

        fixture = TestBed.createComponent(PokemonCardComponent);
        compiled = fixture.nativeElement as HTMLElement;
        component = fixture.componentInstance;
    });

    it('should create the app', () => {
        expect(component).toBeTruthy();
    });

});


import { TestBed } from "@angular/core/testing";
import { PokemonsService } from "./pokemons.service";
import { provideHttpClient, withFetch } from "@angular/common/http";

describe('PokemonsService', () => {
  let service: PokemonsService;

  beforeEach(() => {

    TestBed.configureTestingModule({
      providers: [provideHttpClient(withFetch())]
    });
    service = TestBed.inject(PokemonsService);
  });

  it('should be created', () => {
    expect(service).toBeTruthy();
  });

});